<?xml version="1.0" encoding="UTF-8"?>
<!-- Generated by org.testng.reporters.JUnitXMLReporter -->
<testsuite ignored="0" hostname="DESKTOP-6MMKR3C" failures="0" tests="2" name="Test" time="0.104" errors="0" timestamp="2023-04-12T09:36:44 IST">
  <testcase classname="Patona.Assignment.Verify_Contact_Us_Page" name="@BeforeMethod setup" time="-1.681272404025E9">
    <failure type="org.testng.TestNGException" message="
Can inject only one of &amp;lt;ITestContext, XmlTest, Method, Object[], ITestResult&amp;gt; into a @BeforeMethod annotated setup.
For more information on native dependency injection please refer to https://testng.org/doc/documentation-main.html#native-dependency-injection">
      <![CDATA[org.testng.TestNGException: 
Can inject only one of <ITestContext, XmlTest, Method, Object[], ITestResult> into a @BeforeMethod annotated setup.
For more information on native dependency injection please refer to https://testng.org/doc/documentation-main.html#native-dependency-injection
at java.base/java.util.concurrent.ThreadPoolExecutor.runWorker(ThreadPoolExecutor.java:1144)
at java.base/java.util.concurrent.ThreadPoolExecutor$Worker.run(ThreadPoolExecutor.java:642)
at java.base/java.lang.Thread.run(Thread.java:1623)
... Removed 13 stack frames]]>
    </failure>
  </testcase> <!-- @BeforeMethod setup -->
  <testcase classname="Patona.Assignment.Verify_Contact_Us_Page" name="@AfterMethod tearDown" time="0.0">
    <skipped/>
  </testcase> <!-- @AfterMethod tearDown -->
  <testcase classname="Patona.Assignment.Verify_Contact_Us_Page" name="@BeforeMethod setup" time="0.0">
    <skipped/>
  </testcase> <!-- @BeforeMethod setup -->
  <testcase classname="Patona.Assignment.Verify_Contact_Us_Page" name="@AfterMethod tearDown" time="0.0">
    <skipped/>
  </testcase> <!-- @AfterMethod tearDown -->
  <testcase classname="Patona.Assignment.Verify_Contact_Us_Page" name="VerifyvisibilityOfAllInPutBoxesAndEnterValues" time="0.001">
    <skipped/>
  </testcase> <!-- VerifyvisibilityOfAllInPutBoxesAndEnterValues -->
  <testcase classname="Patona.Assignment.Verify_Contact_Us_Page" name="checkImageAndLogo" time="0.0">
    <skipped/>
  </testcase> <!-- checkImageAndLogo -->
</testsuite> <!-- Test -->
